<?xml version="1.0" encoding="UTF-8"?>
<testng-results ignored="0" total="2" passed="1" failed="1" skipped="0">
  <reporter-output>
  </reporter-output>
  <suite started-at="2019-04-25T08:08:03Z" name="Default suite" finished-at="2019-04-25T08:08:03Z" duration-ms="762">
    <groups>
    </groups>
    <test started-at="2019-04-25T08:08:03Z" name="Default test" finished-at="2019-04-25T08:08:03Z" duration-ms="762">
      <class name="com.automation.nutriag.com.automation.nutriag.Nutrilogin">
        <test-method is-config="true" signature="beforeClass()[pri:0, instance:com.automation.nutriag.com.automation.nutriag.Nutrilogin@15761df8]" started-at="2019-04-25T08:07:54Z" name="beforeClass" finished-at="2019-04-25T08:08:03Z" duration-ms="8926" status="PASS">
          <reporter-output>
          </reporter-output>
        </test-method> <!-- beforeClass -->
        <test-method signature="timeout()[pri:0, instance:com.automation.nutriag.com.automation.nutriag.Nutrilogin@15761df8]" started-at="2019-04-25T08:08:03Z" name="timeout" finished-at="2019-04-25T08:08:03Z" duration-ms="11" status="PASS">
          <reporter-output>
          </reporter-output>
        </test-method> <!-- timeout -->
        <test-method signature="verifySearchButton()[pri:1, instance:com.automation.nutriag.com.automation.nutriag.Nutrilogin@15761df8]" started-at="2019-04-25T08:08:03Z" name="verifySearchButton" finished-at="2019-04-25T08:08:03Z" duration-ms="1" status="FAIL">
          <exception class="java.lang.NullPointerException">
            <full-stacktrace>
              <![CDATA[java.lang.NullPointerException
at com.automation.nutriag.com.automation.nutriag.Baseclass.timeout(Baseclass.java:32)
at com.automation.nutriag.com.automation.nutriag.Nutrilogin.verifySearchButton(Nutrilogin.java:19)
at java.base/jdk.internal.reflect.NativeMethodAccessorImpl.invoke0(Native Method)
at java.base/jdk.internal.reflect.NativeMethodAccessorImpl.invoke(NativeMethodAccessorImpl.java:62)
at java.base/jdk.internal.reflect.DelegatingMethodAccessorImpl.invoke(DelegatingMethodAccessorImpl.java:43)
at java.base/java.lang.reflect.Method.invoke(Method.java:567)
at org.testng.internal.MethodInvocationHelper.invokeMethod(MethodInvocationHelper.java:124)
at org.testng.internal.Invoker.invokeMethod(Invoker.java:583)
at org.testng.internal.Invoker.invokeTestMethod(Invoker.java:719)
at org.testng.internal.Invoker.invokeTestMethods(Invoker.java:989)
at org.testng.internal.TestMethodWorker.invokeTestMethods(TestMethodWorker.java:125)
at org.testng.internal.TestMethodWorker.run(TestMethodWorker.java:109)
at org.testng.TestRunner.privateRun(TestRunner.java:648)
at org.testng.TestRunner.run(TestRunner.java:505)
at org.testng.SuiteRunner.runTest(SuiteRunner.java:455)
at org.testng.SuiteRunner.runSequentially(SuiteRunner.java:450)
at org.testng.SuiteRunner.privateRun(SuiteRunner.java:415)
at org.testng.SuiteRunner.run(SuiteRunner.java:364)
at org.testng.SuiteRunnerWorker.runSuite(SuiteRunnerWorker.java:52)
at org.testng.SuiteRunnerWorker.run(SuiteRunnerWorker.java:84)
at org.testng.TestNG.runSuitesSequentially(TestNG.java:1208)
at org.testng.TestNG.runSuitesLocally(TestNG.java:1137)
at org.testng.TestNG.runSuites(TestNG.java:1049)
at org.testng.TestNG.run(TestNG.java:1017)
at org.testng.remote.AbstractRemoteTestNG.run(AbstractRemoteTestNG.java:115)
at org.testng.remote.RemoteTestNG.initAndRun(RemoteTestNG.java:251)
at org.testng.remote.RemoteTestNG.main(RemoteTestNG.java:77)
]]>
            </full-stacktrace>
          </exception> <!-- java.lang.NullPointerException -->
          <reporter-output>
          </reporter-output>
        </test-method> <!-- verifySearchButton -->
        <test-method is-config="true" signature="afterClass()[pri:0, instance:com.automation.nutriag.com.automation.nutriag.Nutrilogin@15761df8]" started-at="2019-04-25T08:08:03Z" name="afterClass" finished-at="2019-04-25T08:08:03Z" duration-ms="727" status="PASS">
          <reporter-output>
          </reporter-output>
        </test-method> <!-- afterClass -->
      </class> <!-- com.automation.nutriag.com.automation.nutriag.Nutrilogin -->
    </test> <!-- Default test -->
  </suite> <!-- Default suite -->
</testng-results>
